<?xml version="1.0" encoding="UTF-8"?>
<testsuites name="TC001" time="34.202" tests="4" failures="0" errors="0">
   <testsuite name="TC001" tests="4" failures="0" errors="0" time="34.202" skipped="0" timestamp="2023-04-18 23:25:09" hostname="ASUS - Asus" id="Test Suites/Login_Data/TC001">
      <properties>
         <property name="deviceName" value=""/>
         <property name="devicePlatform" value=""/>
         <property name="logFolder" value="D:\\Mersi Suryani Siagian\\Coding.id\\Advance class\\Katalon\\Katalon-Data-Driven-Testing\\Reports\\20230418_232504\\Login_Data\\TC001\\20230418_232504"/>
         <property name="logFiles" value="D:\\Mersi Suryani Siagian\\Coding.id\\Advance class\\Katalon\\Katalon-Data-Driven-Testing\\Reports\\20230418_232504\\Login_Data\\TC001\\20230418_232504\\execution0.log"/>
         <property name="attachments" value=""/>
         <property name="hostName" value="ASUS - Asus"/>
         <property name="os" value="Windows 10 64bit"/>
         <property name="katalonVersion" value="8.6.0.208"/>
         <property name="browser" value="Chrome 111.0.0.0"/>
         <property name="hostAddress" value="192.168.132.179"/>
         <property name="sessionId" value="25c75990e88d4371b6fbc85ac3fc483a"/>
         <property name="seleniumVersion" value="3.141.59"/>
         <property name="proxyInformation" value="ProxyInformation { proxyOption=NO_PROXY, proxyServerType=HTTP, username=, password=********, proxyServerAddress=, proxyServerPort=0, executionList=&quot;&quot;, isApplyToDesiredCapabilities=true }"/>
         <property name="platform" value="Windows 10"/>
      </properties>
      <testcase name="Test Cases/Login Functionality/TC001" time="8.885" classname="Test Cases/Login Functionality/TC001" status="PASSED">
         <system-out><![CDATA[2023-04-18 23:25:09 - [TEST_CASE][PASSED] - Test Cases/Login Functionality/TC001: Test Cases/Login Functionality/TC001

2023-04-18 23:25:10 - [TEST_STEP][PASSED] - openBrowser(""): Browser is opened with url: ''

2023-04-18 23:25:10 - [MESSAGE][INFO] - Starting 'Chrome' driver

2023-04-18 23:25:10 - [MESSAGE][INFO] - Action delay is set to 0 milliseconds

2023-04-18 23:25:14 - [MESSAGE][PASSED] - Browser is opened with url: ''

2023-04-18 23:25:14 - [TEST_STEP][PASSED] - navigateToUrl("https://www.saucedemo.com/"): Navigate to 'https://www.saucedemo.com/' successfully

2023-04-18 23:25:15 - [MESSAGE][PASSED] - Navigate to 'https://www.saucedemo.com/' successfully

2023-04-18 23:25:15 - [TEST_STEP][PASSED] - setText(findTestObject("Object Repository/TS1_Login Functionality/Page_Swag Labs/input_Swag Labs_user-name"), Username): Text 'standard_user' is set on object 'Object Repository/TS1_Login Functionality/Page_Swag Labs/input_Swag Labs_user-name'

2023-04-18 23:25:16 - [MESSAGE][PASSED] - Text 'standard_user' is set on object 'Object Repository/TS1_Login Functionality/Page_Swag Labs/input_Swag Labs_user-name'

2023-04-18 23:25:16 - [TEST_STEP][PASSED] - setText(findTestObject("Object Repository/TS1_Login Functionality/Page_Swag Labs/input_Swag Labs_password"), Password): Text 'secret_sauce' is set on object 'Object Repository/TS1_Login Functionality/Page_Swag Labs/input_Swag Labs_password'

2023-04-18 23:25:17 - [MESSAGE][PASSED] - Text 'secret_sauce' is set on object 'Object Repository/TS1_Login Functionality/Page_Swag Labs/input_Swag Labs_password'

2023-04-18 23:25:17 - [TEST_STEP][PASSED] - click(findTestObject("Object Repository/TS1_Login Functionality/Page_Swag Labs/input_Swag Labs_login-button")): Object: 'Object Repository/TS1_Login Functionality/Page_Swag Labs/input_Swag Labs_login-button' is clicked on

2023-04-18 23:25:18 - [MESSAGE][PASSED] - Object: 'Object Repository/TS1_Login Functionality/Page_Swag Labs/input_Swag Labs_login-button' is clicked on

2023-04-18 23:25:18 - [TEST_STEP][PASSED] - closeBrowser(): Browser is closed

2023-04-18 23:25:18 - [MESSAGE][PASSED] - Browser is closed]]></system-out>
         <system-err><![CDATA[]]></system-err>
      </testcase>
      <testcase name="Test Cases/Login Functionality/TC001" time="6.264" classname="Test Cases/Login Functionality/TC001" status="PASSED">
         <system-out><![CDATA[2023-04-18 23:25:18 - [TEST_CASE][PASSED] - Test Cases/Login Functionality/TC001: Test Cases/Login Functionality/TC001

2023-04-18 23:25:18 - [TEST_STEP][PASSED] - openBrowser(""): Browser is opened with url: ''

2023-04-18 23:25:18 - [MESSAGE][INFO] - Starting 'Chrome' driver

2023-04-18 23:25:18 - [MESSAGE][INFO] - Action delay is set to 0 milliseconds

2023-04-18 23:25:20 - [MESSAGE][PASSED] - Browser is opened with url: ''

2023-04-18 23:25:20 - [TEST_STEP][PASSED] - navigateToUrl("https://www.saucedemo.com/"): Navigate to 'https://www.saucedemo.com/' successfully

2023-04-18 23:25:21 - [MESSAGE][PASSED] - Navigate to 'https://www.saucedemo.com/' successfully

2023-04-18 23:25:21 - [TEST_STEP][PASSED] - setText(findTestObject("Object Repository/TS1_Login Functionality/Page_Swag Labs/input_Swag Labs_user-name"), Username): Text 'locked_out_user' is set on object 'Object Repository/TS1_Login Functionality/Page_Swag Labs/input_Swag Labs_user-name'

2023-04-18 23:25:22 - [MESSAGE][PASSED] - Text 'locked_out_user' is set on object 'Object Repository/TS1_Login Functionality/Page_Swag Labs/input_Swag Labs_user-name'

2023-04-18 23:25:22 - [TEST_STEP][PASSED] - setText(findTestObject("Object Repository/TS1_Login Functionality/Page_Swag Labs/input_Swag Labs_password"), Password): Text 'secret_sauce' is set on object 'Object Repository/TS1_Login Functionality/Page_Swag Labs/input_Swag Labs_password'

2023-04-18 23:25:23 - [MESSAGE][PASSED] - Text 'secret_sauce' is set on object 'Object Repository/TS1_Login Functionality/Page_Swag Labs/input_Swag Labs_password'

2023-04-18 23:25:23 - [TEST_STEP][PASSED] - click(findTestObject("Object Repository/TS1_Login Functionality/Page_Swag Labs/input_Swag Labs_login-button")): Object: 'Object Repository/TS1_Login Functionality/Page_Swag Labs/input_Swag Labs_login-button' is clicked on

2023-04-18 23:25:24 - [MESSAGE][PASSED] - Object: 'Object Repository/TS1_Login Functionality/Page_Swag Labs/input_Swag Labs_login-button' is clicked on

2023-04-18 23:25:24 - [TEST_STEP][PASSED] - closeBrowser(): Browser is closed

2023-04-18 23:25:25 - [MESSAGE][PASSED] - Browser is closed]]></system-out>
         <system-err><![CDATA[]]></system-err>
      </testcase>
      <testcase name="Test Cases/Login Functionality/TC001" time="6.514" classname="Test Cases/Login Functionality/TC001" status="PASSED">
         <system-out><![CDATA[2023-04-18 23:25:25 - [TEST_CASE][PASSED] - Test Cases/Login Functionality/TC001: Test Cases/Login Functionality/TC001

2023-04-18 23:25:25 - [TEST_STEP][PASSED] - openBrowser(""): Browser is opened with url: ''

2023-04-18 23:25:25 - [MESSAGE][INFO] - Starting 'Chrome' driver

2023-04-18 23:25:25 - [MESSAGE][INFO] - Action delay is set to 0 milliseconds

2023-04-18 23:25:26 - [MESSAGE][PASSED] - Browser is opened with url: ''

2023-04-18 23:25:26 - [TEST_STEP][PASSED] - navigateToUrl("https://www.saucedemo.com/"): Navigate to 'https://www.saucedemo.com/' successfully

2023-04-18 23:25:28 - [MESSAGE][PASSED] - Navigate to 'https://www.saucedemo.com/' successfully

2023-04-18 23:25:28 - [TEST_STEP][PASSED] - setText(findTestObject("Object Repository/TS1_Login Functionality/Page_Swag Labs/input_Swag Labs_user-name"), Username): Text 'problem_user' is set on object 'Object Repository/TS1_Login Functionality/Page_Swag Labs/input_Swag Labs_user-name'

2023-04-18 23:25:29 - [MESSAGE][PASSED] - Text 'problem_user' is set on object 'Object Repository/TS1_Login Functionality/Page_Swag Labs/input_Swag Labs_user-name'

2023-04-18 23:25:29 - [TEST_STEP][PASSED] - setText(findTestObject("Object Repository/TS1_Login Functionality/Page_Swag Labs/input_Swag Labs_password"), Password): Text 'secret_sauce' is set on object 'Object Repository/TS1_Login Functionality/Page_Swag Labs/input_Swag Labs_password'

2023-04-18 23:25:30 - [MESSAGE][PASSED] - Text 'secret_sauce' is set on object 'Object Repository/TS1_Login Functionality/Page_Swag Labs/input_Swag Labs_password'

2023-04-18 23:25:30 - [TEST_STEP][PASSED] - click(findTestObject("Object Repository/TS1_Login Functionality/Page_Swag Labs/input_Swag Labs_login-button")): Object: 'Object Repository/TS1_Login Functionality/Page_Swag Labs/input_Swag Labs_login-button' is clicked on

2023-04-18 23:25:31 - [MESSAGE][PASSED] - Object: 'Object Repository/TS1_Login Functionality/Page_Swag Labs/input_Swag Labs_login-button' is clicked on

2023-04-18 23:25:31 - [TEST_STEP][PASSED] - closeBrowser(): Browser is closed

2023-04-18 23:25:31 - [MESSAGE][PASSED] - Browser is closed]]></system-out>
         <system-err><![CDATA[]]></system-err>
      </testcase>
      <testcase name="Test Cases/Login Functionality/TC001" time="11.628" classname="Test Cases/Login Functionality/TC001" status="PASSED">
         <system-out><![CDATA[2023-04-18 23:25:31 - [TEST_CASE][PASSED] - Test Cases/Login Functionality/TC001: Test Cases/Login Functionality/TC001

2023-04-18 23:25:31 - [TEST_STEP][PASSED] - openBrowser(""): Browser is opened with url: ''

2023-04-18 23:25:31 - [MESSAGE][INFO] - Starting 'Chrome' driver

2023-04-18 23:25:31 - [MESSAGE][INFO] - Action delay is set to 0 milliseconds

2023-04-18 23:25:33 - [MESSAGE][PASSED] - Browser is opened with url: ''

2023-04-18 23:25:33 - [TEST_STEP][PASSED] - navigateToUrl("https://www.saucedemo.com/"): Navigate to 'https://www.saucedemo.com/' successfully

2023-04-18 23:25:34 - [MESSAGE][PASSED] - Navigate to 'https://www.saucedemo.com/' successfully

2023-04-18 23:25:34 - [TEST_STEP][PASSED] - setText(findTestObject("Object Repository/TS1_Login Functionality/Page_Swag Labs/input_Swag Labs_user-name"), Username): Text 'performance_glitch_user' is set on object 'Object Repository/TS1_Login Functionality/Page_Swag Labs/input_Swag Labs_user-name'

2023-04-18 23:25:35 - [MESSAGE][PASSED] - Text 'performance_glitch_user' is set on object 'Object Repository/TS1_Login Functionality/Page_Swag Labs/input_Swag Labs_user-name'

2023-04-18 23:25:35 - [TEST_STEP][PASSED] - setText(findTestObject("Object Repository/TS1_Login Functionality/Page_Swag Labs/input_Swag Labs_password"), Password): Text 'secret_sauce' is set on object 'Object Repository/TS1_Login Functionality/Page_Swag Labs/input_Swag Labs_password'

2023-04-18 23:25:37 - [MESSAGE][PASSED] - Text 'secret_sauce' is set on object 'Object Repository/TS1_Login Functionality/Page_Swag Labs/input_Swag Labs_password'

2023-04-18 23:25:37 - [TEST_STEP][PASSED] - click(findTestObject("Object Repository/TS1_Login Functionality/Page_Swag Labs/input_Swag Labs_login-button")): Object: 'Object Repository/TS1_Login Functionality/Page_Swag Labs/input_Swag Labs_login-button' is clicked on

2023-04-18 23:25:42 - [MESSAGE][PASSED] - Object: 'Object Repository/TS1_Login Functionality/Page_Swag Labs/input_Swag Labs_login-button' is clicked on

2023-04-18 23:25:42 - [TEST_STEP][PASSED] - closeBrowser(): Browser is closed

2023-04-18 23:25:43 - [MESSAGE][PASSED] - Browser is closed]]></system-out>
         <system-err><![CDATA[]]></system-err>
      </testcase>
      <system-out><![CDATA[2023-04-18 23:25:09 - [TEST_SUITE][PASSED] - TC001: Test Cases/Login Functionality/TC001]]></system-out>
      <system-err><![CDATA[]]></system-err>
   </testsuite>
</testsuites>
